2024-01-10 23:38:09,189 [main] INFO selenium-cucmber - ******Launching browser*****
2024-01-10 23:38:14,390 [main] INFO selenium-cucmber - ******Opening URL*****
2024-01-10 23:38:17,644 [main] INFO selenium-cucmber - ******providing user details*****
2024-01-10 23:38:18,113 [main] INFO selenium-cucmber - ******clicked on register button*****
2024-01-10 23:39:23,342 [main] INFO selenium-cucmber - ******Launching browser*****
2024-01-10 23:39:28,626 [main] INFO selenium-cucmber - ******Opening URL*****
2024-01-10 23:39:31,873 [main] INFO selenium-cucmber - ******providing user details*****
2024-01-10 23:39:32,454 [main] INFO selenium-cucmber - ******clicked on register button*****
2024-01-10 23:39:43,974 [main] INFO selenium-cucmber - ******expected msg seen*****
2024-01-10 23:39:44,230 [main] INFO selenium-cucmber - ******browser closed*****
2024-01-10 23:39:45,161 [main] INFO selenium-cucmber - ******Launching browser*****
2024-01-10 23:39:50,314 [main] INFO selenium-cucmber - ******Opening URL*****
2024-01-10 23:39:53,436 [main] INFO selenium-cucmber - ******providing user details*****
2024-01-10 23:39:53,787 [main] INFO selenium-cucmber - ******clicked on register button*****
2024-01-10 23:40:05,313 [main] INFO selenium-cucmber - ******expected msg seen*****
2024-01-10 23:40:05,519 [main] INFO selenium-cucmber - ******browser closed*****
2024-01-10 23:40:06,682 [main] INFO selenium-cucmber - ******Launching browser*****
2024-01-10 23:40:11,840 [main] INFO selenium-cucmber - ******Opening URL*****
2024-01-10 23:40:14,319 [main] INFO selenium-cucmber - ******providing user details*****
2024-01-10 23:40:14,911 [main] INFO selenium-cucmber - ******clicked on register button*****
2024-01-10 23:40:26,122 [main] INFO selenium-cucmber - ******expected msg seen*****
2024-01-10 23:40:26,437 [main] INFO selenium-cucmber - ******browser closed*****
2024-01-11 00:20:02,355 [main] INFO selenium-cucmber - ******Launching browser*****
2024-01-11 00:20:07,717 [main] INFO selenium-cucmber - ******Opening URL*****
2024-01-11 00:20:13,213 [main] INFO selenium-cucmber - ******providing user details*****
2024-01-11 00:20:13,730 [main] INFO selenium-cucmber - ******clicked on register button*****
2024-01-11 00:20:22,849 [main] INFO selenium-cucmber - ******Launching browser*****
2024-01-11 00:20:28,172 [main] INFO selenium-cucmber - ******Opening URL*****
2024-01-11 00:20:31,670 [main] INFO selenium-cucmber - ******providing user details*****
2024-01-11 00:20:32,161 [main] INFO selenium-cucmber - ******clicked on register button*****
2024-01-11 00:21:29,982 [main] INFO selenium-cucmber - ******Launching browser*****
2024-01-11 00:21:35,360 [main] INFO selenium-cucmber - ******Opening URL*****
2024-01-11 00:21:38,395 [main] INFO selenium-cucmber - ******providing user details*****
2024-01-11 00:21:38,880 [main] INFO selenium-cucmber - ******clicked on register button*****
2024-01-11 00:21:47,456 [main] INFO selenium-cucmber - ******Launching browser*****
2024-01-11 00:21:52,750 [main] INFO selenium-cucmber - ******Opening URL*****
2024-01-11 00:21:55,691 [main] INFO selenium-cucmber - ******providing user details*****
2024-01-11 00:21:56,122 [main] INFO selenium-cucmber - ******clicked on register button*****
2024-01-11 00:22:05,304 [main] INFO selenium-cucmber - ******Launching browser*****
2024-01-11 00:22:10,599 [main] INFO selenium-cucmber - ******Opening URL*****
2024-01-11 00:22:13,596 [main] INFO selenium-cucmber - ******providing user details*****
2024-01-11 00:22:14,059 [main] INFO selenium-cucmber - ******clicked on register button*****
2024-01-11 00:25:02,149 [main] INFO selenium-cucmber - ******Launching browser*****
2024-01-11 00:25:07,486 [main] INFO selenium-cucmber - ******Opening URL*****
2024-01-11 00:25:10,294 [main] INFO selenium-cucmber - ******providing user details*****
2024-01-11 00:25:10,899 [main] INFO selenium-cucmber - ******clicked on register button*****
2024-01-11 00:25:19,421 [main] INFO selenium-cucmber - ******Launching browser*****
2024-01-11 00:25:24,712 [main] INFO selenium-cucmber - ******Opening URL*****
2024-01-11 00:25:28,130 [main] INFO selenium-cucmber - ******providing user details*****
2024-01-11 00:25:28,678 [main] INFO selenium-cucmber - ******clicked on register button*****
2024-01-11 00:25:37,820 [main] INFO selenium-cucmber - ******Launching browser*****
2024-01-11 00:25:43,136 [main] INFO selenium-cucmber - ******Opening URL*****
2024-01-11 00:25:46,712 [main] INFO selenium-cucmber - ******providing user details*****
2024-01-11 00:25:47,215 [main] INFO selenium-cucmber - ******clicked on register button*****
2024-01-11 00:28:30,053 [main] INFO selenium-cucmber - ******Launching browser*****
2024-01-11 00:28:35,354 [main] INFO selenium-cucmber - ******Opening URL*****
2024-01-11 00:28:43,727 [main] INFO selenium-cucmber - ******providing user details*****
2024-01-11 00:28:44,111 [main] INFO selenium-cucmber - ******clicked on register button*****
2024-01-11 00:49:44,725 [main] INFO selenium-cucmber - ******Launching browser*****
2024-01-11 00:49:49,976 [main] INFO selenium-cucmber - ******Opening URL*****
2024-01-11 00:49:57,653 [main] INFO selenium-cucmber - ******providing user details*****
2024-01-11 00:49:58,716 [main] INFO selenium-cucmber - ******clicked on register button*****
2024-01-11 00:50:10,376 [main] INFO selenium-cucmber - ******expected msg seen*****
2024-01-11 00:50:10,705 [main] INFO selenium-cucmber - ******browser closed*****
2024-01-11 01:05:21,863 [main] INFO selenium-cucmber - ******Launching browser*****
2024-01-11 01:05:27,045 [main] INFO selenium-cucmber - ******Opening URL*****
2024-01-11 01:05:32,568 [main] INFO selenium-cucmber - ******providing user details*****
2024-01-11 01:05:33,155 [main] INFO selenium-cucmber - ******clicked on register button*****
2024-01-11 01:06:17,914 [main] INFO selenium-cucmber - ******Launching browser*****
2024-01-11 01:06:23,126 [main] INFO selenium-cucmber - ******Opening URL*****
2024-01-11 01:06:26,285 [main] INFO selenium-cucmber - ******providing user details*****
2024-01-11 01:06:26,671 [main] INFO selenium-cucmber - ******clicked on register button*****
2024-01-11 01:06:38,189 [main] INFO selenium-cucmber - ******expected msg seen*****
2024-01-11 01:06:38,437 [main] INFO selenium-cucmber - ******browser closed*****
2024-01-11 01:13:33,550 [main] INFO selenium-cucmber - ******Launching browser*****
2024-01-11 01:13:38,772 [main] INFO selenium-cucmber - ******Opening URL*****
2024-01-11 01:13:42,137 [main] INFO selenium-cucmber - ******providing user details*****
2024-01-11 01:13:42,559 [main] INFO selenium-cucmber - ******clicked on register button*****
2024-01-11 01:15:04,262 [main] INFO selenium-cucmber - ******Launching browser*****
2024-01-11 01:15:09,484 [main] INFO selenium-cucmber - ******Opening URL*****
2024-01-11 01:15:12,222 [main] INFO selenium-cucmber - ******providing user details*****
2024-01-11 01:15:12,962 [main] INFO selenium-cucmber - ******clicked on register button*****
2024-01-11 01:15:25,300 [main] INFO selenium-cucmber - ******expected msg seen*****
2024-01-11 01:15:25,452 [main] INFO selenium-cucmber - ******browser closed*****
2024-01-11 01:23:39,263 [main] INFO selenium-cucmber - ******Launching browser*****
2024-01-11 01:23:44,458 [main] INFO selenium-cucmber - ******Opening URL*****
2024-01-11 01:23:49,250 [main] INFO selenium-cucmber - ******providing user details*****
2024-01-11 01:23:49,913 [main] INFO selenium-cucmber - ******clicked on register button*****
2024-01-11 01:24:31,069 [main] INFO selenium-cucmber - ******Launching browser*****
2024-01-11 01:24:36,256 [main] INFO selenium-cucmber - ******Opening URL*****
2024-01-11 01:24:39,431 [main] INFO selenium-cucmber - ******providing user details*****
2024-01-11 01:24:40,115 [main] INFO selenium-cucmber - ******clicked on register button*****
2024-01-11 01:24:51,226 [main] INFO selenium-cucmber - ******expected msg seen*****
2024-01-11 01:24:51,415 [main] INFO selenium-cucmber - ******browser closed*****
2024-01-11 01:35:06,940 [main] INFO selenium-cucmber - ******Launching browser*****
2024-01-11 01:35:12,169 [main] INFO selenium-cucmber - ******Opening URL*****
2024-01-11 01:35:17,515 [main] INFO selenium-cucmber - ******providing user details*****
2024-01-11 01:35:18,097 [main] INFO selenium-cucmber - ******clicked on register button*****
2024-01-11 01:36:24,577 [main] INFO selenium-cucmber - ******Launching browser*****
2024-01-11 01:36:29,800 [main] INFO selenium-cucmber - ******Opening URL*****
2024-01-11 01:36:32,948 [main] INFO selenium-cucmber - ******providing user details*****
2024-01-11 01:36:33,849 [main] INFO selenium-cucmber - ******clicked on register button*****
2024-01-11 01:36:45,413 [main] INFO selenium-cucmber - ******expected msg seen*****
2024-01-11 01:36:45,621 [main] INFO selenium-cucmber - ******browser closed*****
